Assembler report for menu
Sun Oct 27 17:46:14 2019
Quartus Prime Version 17.1.0 Build 590 10/25/2017 SJ Lite Edition


---------------------
; Table of Contents ;
---------------------
  1. Legal Notice
  2. Assembler Summary
  3. Assembler Settings
  4. Assembler Generated Files
  5. Assembler Device Options: E:/G/Electronica/SiDi/Sources/Menu/output_files/menu.sof
  6. Assembler Device Options: E:/G/Electronica/SiDi/Sources/Menu/output_files/menu.rbf
  7. Assembler Messages



----------------
; Legal Notice ;
----------------
Copyright (C) 2017  Intel Corporation. All rights reserved.
Your use of Intel Corporation's design tools, logic functions 
and other software and tools, and its AMPP partner logic 
functions, and any output files from any of the foregoing 
(including device programming or simulation files), and any 
associated documentation or information are expressly subject 
to the terms and conditions of the Intel Program License 
Subscription Agreement, the Intel Quartus Prime License Agreement,
the Intel FPGA IP License Agreement, or other applicable license
agreement, including, without limitation, that your use is for
the sole purpose of programming logic devices manufactured by
Intel and sold by Intel or its authorized distributors.  Please
refer to the applicable agreement for further details.



+---------------------------------------------------------------+
; Assembler Summary                                             ;
+-----------------------+---------------------------------------+
; Assembler Status      ; Successful - Sun Oct 27 17:46:14 2019 ;
; Revision Name         ; menu                                  ;
; Top-level Entity Name ; MENU                                  ;
; Family                ; Cyclone IV E                          ;
; Device                ; EP4CE22F17C8                          ;
+-----------------------+---------------------------------------+


+----------------------------------+
; Assembler Settings               ;
+--------+---------+---------------+
; Option ; Setting ; Default Value ;
+--------+---------+---------------+


+----------------------------------------------------------+
; Assembler Generated Files                                ;
+----------------------------------------------------------+
; File Name                                                ;
+----------------------------------------------------------+
; E:/G/Electronica/SiDi/Sources/Menu/output_files/menu.sof ;
; E:/G/Electronica/SiDi/Sources/Menu/output_files/menu.rbf ;
+----------------------------------------------------------+


+------------------------------------------------------------------------------------+
; Assembler Device Options: E:/G/Electronica/SiDi/Sources/Menu/output_files/menu.sof ;
+----------------+-------------------------------------------------------------------+
; Option         ; Setting                                                           ;
+----------------+-------------------------------------------------------------------+
; JTAG usercode  ; 0x001FA49C                                                        ;
; Checksum       ; 0x001FA49C                                                        ;
+----------------+-------------------------------------------------------------------+


+------------------------------------------------------------------------------------+
; Assembler Device Options: E:/G/Electronica/SiDi/Sources/Menu/output_files/menu.rbf ;
+---------------------+--------------------------------------------------------------+
; Option              ; Setting                                                      ;
+---------------------+--------------------------------------------------------------+
; Raw Binary File     ;                                                              ;
;  Compression Ratio  ; 3                                                            ;
+---------------------+--------------------------------------------------------------+


+--------------------+
; Assembler Messages ;
+--------------------+
Info: *******************************************************************
Info: Running Quartus Prime Assembler
    Info: Version 17.1.0 Build 590 10/25/2017 SJ Lite Edition
    Info: Processing started: Sun Oct 27 17:46:13 2019
Info: Command: quartus_asm --read_settings_files=off --write_settings_files=off menu -c menu
Info (115031): Writing out detailed assembly data for power analysis
Info (115030): Assembler is generating device programming files
Info: Quartus Prime Assembler was successful. 0 errors, 0 warnings
    Info: Peak virtual memory: 4683 megabytes
    Info: Processing ended: Sun Oct 27 17:46:14 2019
    Info: Elapsed time: 00:00:01
    Info: Total CPU time (on all processors): 00:00:01


